This is pdfTeX, Version 3.14159265-2.6-1.40.20 (TeX Live 2019/Arch Linux) (preloaded format=pdflatex 2019.12.6)  3 JAN 2020 15:40
entering extended mode
 restricted \write18 enabled.
 file:line:error style messages enabled.
 %&-line parsing enabled.
**/home/andre/Documents/VSB-TUO/VSB-TUO-MAD1/project/analysis_task/analysis_task.tex
(/home/andre/Documents/VSB-TUO/VSB-TUO-MAD1/project/analysis_task/analysis_task.tex
LaTeX2e <2019-10-01> patch level 1
(/usr/share/texmf-dist/tex/latex/base/article.cls
Document Class: article 2019/08/27 v1.4j Standard LaTeX document class
(/usr/share/texmf-dist/tex/latex/base/size10.clo
File: size10.clo 2019/08/27 v1.4j Standard LaTeX file (size option)
)
\c@part=\count80
\c@section=\count81
\c@subsection=\count82
\c@subsubsection=\count83
\c@paragraph=\count84
\c@subparagraph=\count85
\c@figure=\count86
\c@table=\count87
\abovecaptionskip=\skip41
\belowcaptionskip=\skip42
\bibindent=\dimen102
) (/usr/share/texmf-dist/tex/latex/hyperref/hyperref.sty
Package: hyperref 2019/09/28 v7.00a Hypertext links for LaTeX
 (/usr/share/texmf-dist/tex/generic/oberdiek/hobsub-hyperref.sty
Package: hobsub-hyperref 2016/05/16 v1.14 Bundle oberdiek, subset hyperref (HO)
 (/usr/share/texmf-dist/tex/generic/oberdiek/hobsub-generic.sty
Package: hobsub-generic 2016/05/16 v1.14 Bundle oberdiek, subset generic (HO)
Package: hobsub 2016/05/16 v1.14 Construct package bundles (HO)
Package: infwarerr 2016/05/16 v1.4 Providing info/warning/error messages (HO)
Package: ltxcmds 2016/05/16 v1.23 LaTeX kernel commands for general use (HO)
Package: ifluatex 2016/05/16 v1.4 Provides the ifluatex switch (HO)
Package ifluatex Info: LuaTeX not detected.
Package: ifvtex 2016/05/16 v1.6 Detect VTeX and its facilities (HO)
Package ifvtex Info: VTeX not detected.
Package: intcalc 2016/05/16 v1.2 Expandable calculations with integers (HO)
Package: ifpdf 2018/09/07 v3.3 Provides the ifpdf switch
Package: etexcmds 2016/05/16 v1.6 Avoid name clashes with e-TeX commands (HO)
Package: kvsetkeys 2016/05/16 v1.17 Key value parser (HO)
Package: kvdefinekeys 2016/05/16 v1.4 Define keys (HO)
Package: pdftexcmds 2019/07/25 v0.30 Utility functions of pdfTeX for LuaTeX (HO)
Package pdftexcmds Info: LuaTeX not detected.
Package pdftexcmds Info: \pdf@primitive is available.
Package pdftexcmds Info: \pdf@ifprimitive is available.
Package pdftexcmds Info: \pdfdraftmode found.
Package: pdfescape 2016/05/16 v1.14 Implements pdfTeX's escape features (HO)
Package: bigintcalc 2016/05/16 v1.4 Expandable calculations on big integers (HO)
Package: bitset 2016/05/16 v1.2 Handle bit-vector datatype (HO)
Package: uniquecounter 2016/05/16 v1.3 Provide unlimited unique counter (HO)
)
Package hobsub Info: Skipping package `hobsub' (already loaded).
Package: letltxmacro 2016/05/16 v1.5 Let assignment for LaTeX macros (HO)
Package: hopatch 2016/05/16 v1.3 Wrapper for package hooks (HO)
Package: xcolor-patch 2016/05/16 xcolor patch
Package: atveryend 2016/05/16 v1.9 Hooks at the very end of document (HO)
Package atveryend Info: \enddocument detected (standard20110627).
Package: atbegshi 2016/06/09 v1.18 At begin shipout hook (HO)
Package: refcount 2016/05/16 v3.5 Data extraction from label references (HO)
Package: hycolor 2016/05/16 v1.8 Color options for hyperref/bookmark (HO)
) (/usr/share/texmf-dist/tex/latex/graphics/keyval.sty
Package: keyval 2014/10/28 v1.15 key=value parser (DPC)
\KV@toks@=\toks14
) (/usr/share/texmf-dist/tex/generic/ifxetex/ifxetex.sty
Package: ifxetex 2010/09/12 v0.6 Provides ifxetex conditional
) (/usr/share/texmf-dist/tex/latex/oberdiek/auxhook.sty
Package: auxhook 2016/05/16 v1.4 Hooks for auxiliary files (HO)
) (/usr/share/texmf-dist/tex/latex/oberdiek/kvoptions.sty
Package: kvoptions 2016/05/16 v3.12 Key value format for package options (HO)
)
\@linkdim=\dimen103
\Hy@linkcounter=\count88
\Hy@pagecounter=\count89
 (/usr/share/texmf-dist/tex/latex/hyperref/pd1enc.def
File: pd1enc.def 2019/09/28 v7.00a Hyperref: PDFDocEncoding definition (HO)
Now handling font encoding PD1 ...
... no UTF-8 mapping file for font encoding PD1
)
\Hy@SavedSpaceFactor=\count90
 (/usr/share/texmf-dist/tex/latex/latexconfig/hyperref.cfg
File: hyperref.cfg 2002/06/06 v1.2 hyperref configuration of TeXLive
)
Package hyperref Info: Hyper figures OFF on input line 4540.
Package hyperref Info: Link nesting OFF on input line 4545.
Package hyperref Info: Hyper index ON on input line 4548.
Package hyperref Info: Plain pages OFF on input line 4555.
Package hyperref Info: Backreferencing OFF on input line 4560.
Package hyperref Info: Implicit mode ON; LaTeX internals redefined.
Package hyperref Info: Bookmarks ON on input line 4793.
\c@Hy@tempcnt=\count91
 (/usr/share/texmf-dist/tex/latex/url/url.sty
\Urlmuskip=\muskip10
Package: url 2013/09/16  ver 3.4  Verb mode for urls, etc.
)
LaTeX Info: Redefining \url on input line 5152.
\XeTeXLinkMargin=\dimen104
\Fld@menulength=\count92
\Field@Width=\dimen105
\Fld@charsize=\dimen106
Package hyperref Info: Hyper figures OFF on input line 6423.
Package hyperref Info: Link nesting OFF on input line 6428.
Package hyperref Info: Hyper index ON on input line 6431.
Package hyperref Info: backreferencing OFF on input line 6438.
Package hyperref Info: Link coloring OFF on input line 6443.
Package hyperref Info: Link coloring with OCG OFF on input line 6448.
Package hyperref Info: PDF/A mode OFF on input line 6453.
LaTeX Info: Redefining \ref on input line 6493.
LaTeX Info: Redefining \pageref on input line 6497.
\Hy@abspage=\count93
\c@Item=\count94
\c@Hfootnote=\count95
)
Package hyperref Info: Driver (autodetected): hpdftex.
 (/usr/share/texmf-dist/tex/latex/hyperref/hpdftex.def
File: hpdftex.def 2019/09/28 v7.00a Hyperref driver for pdfTeX
\Fld@listcount=\count96
\c@bookmark@seq@number=\count97
 (/usr/share/texmf-dist/tex/latex/oberdiek/rerunfilecheck.sty
Package: rerunfilecheck 2016/05/16 v1.8 Rerun checks for auxiliary files (HO)
Package uniquecounter Info: New unique counter `rerunfilecheck' on input line 282.
)
\Hy@SectionHShift=\skip43
) (/usr/share/texmf-dist/tex/latex/graphics/graphicx.sty
Package: graphicx 2017/06/01 v1.1a Enhanced LaTeX Graphics (DPC,SPQR)
 (/usr/share/texmf-dist/tex/latex/graphics/graphics.sty
Package: graphics 2019/10/08 v1.3c Standard LaTeX Graphics (DPC,SPQR)
 (/usr/share/texmf-dist/tex/latex/graphics/trig.sty
Package: trig 2016/01/03 v1.10 sin cos tan (DPC)
) (/usr/share/texmf-dist/tex/latex/graphics-cfg/graphics.cfg
File: graphics.cfg 2016/06/04 v1.11 sample graphics configuration
)
Package graphics Info: Driver file: pdftex.def on input line 105.
 (/usr/share/texmf-dist/tex/latex/graphics-def/pdftex.def
File: pdftex.def 2018/01/08 v1.0l Graphics/color driver for pdftex
))
\Gin@req@height=\dimen107
\Gin@req@width=\dimen108
) (/usr/share/texmf-dist/tex/latex/base/inputenc.sty
Package: inputenc 2018/08/11 v1.3c Input encoding file
\inpenc@prehook=\toks15
\inpenc@posthook=\toks16
)
Package hyperref Info: Option `colorlinks' set `true' on input line 11.
 (/home/andre/Documents/VSB-TUO/VSB-TUO-MAD1/project/analysis_task/analysis_task.aux)
\openout1 = `analysis_task.aux'.

LaTeX Font Info:    Checking defaults for OML/cmm/m/it on input line 17.
LaTeX Font Info:    ... okay on input line 17.
LaTeX Font Info:    Checking defaults for T1/cmr/m/n on input line 17.
LaTeX Font Info:    ... okay on input line 17.
LaTeX Font Info:    Checking defaults for OT1/cmr/m/n on input line 17.
LaTeX Font Info:    ... okay on input line 17.
LaTeX Font Info:    Checking defaults for OMS/cmsy/m/n on input line 17.
LaTeX Font Info:    ... okay on input line 17.
LaTeX Font Info:    Checking defaults for OMX/cmex/m/n on input line 17.
LaTeX Font Info:    ... okay on input line 17.
LaTeX Font Info:    Checking defaults for U/cmr/m/n on input line 17.
LaTeX Font Info:    ... okay on input line 17.
LaTeX Font Info:    Checking defaults for PD1/pdf/m/n on input line 17.
LaTeX Font Info:    ... okay on input line 17.
\AtBeginShipoutBox=\box27
 (/usr/share/texmf-dist/tex/latex/graphics/color.sty
Package: color 2016/07/10 v1.1e Standard LaTeX Color (DPC)
 (/usr/share/texmf-dist/tex/latex/graphics-cfg/color.cfg
File: color.cfg 2016/01/02 v1.6 sample color configuration
)
Package color Info: Driver file: pdftex.def on input line 147.
)
Package hyperref Info: Link coloring ON on input line 17.
 (/usr/share/texmf-dist/tex/latex/hyperref/nameref.sty
Package: nameref 2019/09/16 v2.46 Cross-referencing by name of section
 (/usr/share/texmf-dist/tex/generic/oberdiek/gettitlestring.sty
Package: gettitlestring 2016/05/16 v1.5 Cleanup title references (HO)
)
\c@section@level=\count98
)
LaTeX Info: Redefining \ref on input line 17.
LaTeX Info: Redefining \pageref on input line 17.
LaTeX Info: Redefining \nameref on input line 17.
 (/home/andre/Documents/VSB-TUO/VSB-TUO-MAD1/project/analysis_task/analysis_task.out) (/home/andre/Documents/VSB-TUO/VSB-TUO-MAD1/project/analysis_task/analysis_task.out)
\@outlinefile=\write3
\openout3 = `analysis_task.out'.

 (/usr/share/texmf-dist/tex/context/base/mkii/supp-pdf.mkii
[Loading MPS to PDF converter (version 2006.09.02).]
\scratchcounter=\count99
\scratchdimen=\dimen109
\scratchbox=\box28
\nofMPsegments=\count100
\nofMParguments=\count101
\everyMPshowfont=\toks17
\MPscratchCnt=\count102
\MPscratchDim=\dimen110
\MPnumerator=\count103
\makeMPintoPDFobject=\count104
\everyMPtoPDFconversion=\toks18
) (/usr/share/texmf-dist/tex/latex/oberdiek/epstopdf-base.sty
Package: epstopdf-base 2016/05/15 v2.6 Base part for package epstopdf
 (/usr/share/texmf-dist/tex/latex/oberdiek/grfext.sty
Package: grfext 2016/05/16 v1.2 Manage graphics extensions (HO)
)
Package epstopdf-base Info: Redefining graphics rule for `.eps' on input line 438.
Package grfext Info: Graphics extension search list:
(grfext)             [.pdf,.png,.jpg,.mps,.jpeg,.jbig2,.jb2,.PDF,.PNG,.JPG,.JPEG,.JBIG2,.JB2,.eps]
(grfext)             \AppendGraphicsExtensions on input line 456.
 (/usr/share/texmf-dist/tex/latex/latexconfig/epstopdf-sys.cfg
File: epstopdf-sys.cfg 2010/07/13 v1.3 Configuration of (r)epstopdf for TeX Live
))
LaTeX Font Info:    External font `cmex10' loaded for size
(Font)              <12> on input line 19.
LaTeX Font Info:    External font `cmex10' loaded for size
(Font)              <8> on input line 19.
LaTeX Font Info:    External font `cmex10' loaded for size
(Font)              <6> on input line 19.
 [1

{/var/lib/texmf/fonts/map/pdftex/updmap/pdftex.map}] (/home/andre/Documents/VSB-TUO/VSB-TUO-MAD1/project/analysis_task/analysis_task.toc
LaTeX Font Info:    External font `cmex10' loaded for size
(Font)              <7> on input line 5.
LaTeX Font Info:    External font `cmex10' loaded for size
(Font)              <5> on input line 5.
)
\tf@toc=\write4
\openout4 = `analysis_task.toc'.

pdfTeX warning (ext4): destination with the same identifier (name{page.}) has been already used, duplicate ignored
<to be read again> 
                   \relax 
l.22     \newpage
                  [2] [1]
<./images/plot4_cpi.png, id=59, 505.89pt x 505.89pt>
File: ./images/plot4_cpi.png Graphic file (type png)
<use ./images/plot4_cpi.png>
Package pdftex.def Info: ./images/plot4_cpi.png  used on input line 50.
(pdftex.def)             Requested size: 354.12057pt x 354.12057pt.

Overfull \hbox (9.12057pt too wide) in paragraph at lines 50--51
[][] 
 []

[2 <./images/plot4_cpi.png>]
<./images/plot4_exch_usd.png, id=66, 505.89pt x 505.89pt>
File: ./images/plot4_exch_usd.png Graphic file (type png)
<use ./images/plot4_exch_usd.png>
Package pdftex.def Info: ./images/plot4_exch_usd.png  used on input line 55.
(pdftex.def)             Requested size: 354.12057pt x 354.12057pt.

Overfull \hbox (9.12057pt too wide) in paragraph at lines 55--56
[][] 
 []

[3 <./images/plot4_exch_usd.png>]
<./images/plot1.png, id=73, 505.89pt x 505.89pt>
File: ./images/plot1.png Graphic file (type png)
<use ./images/plot1.png>
Package pdftex.def Info: ./images/plot1.png  used on input line 81.
(pdftex.def)             Requested size: 354.12057pt x 354.12057pt.

Overfull \hbox (9.12057pt too wide) in paragraph at lines 81--82
[][] 
 []

[4 <./images/plot1.png (PNG copy)>]
<./images/plot2.png, id=79, 505.89pt x 505.89pt>
File: ./images/plot2.png Graphic file (type png)
<use ./images/plot2.png>
Package pdftex.def Info: ./images/plot2.png  used on input line 97.
(pdftex.def)             Requested size: 354.12057pt x 354.12057pt.

Overfull \hbox (9.12057pt too wide) in paragraph at lines 97--98
[][] 
 []

[5 <./images/plot2.png (PNG copy)>]
<./images/plot3_angola.png, id=86, 505.89pt x 505.89pt>
File: ./images/plot3_angola.png Graphic file (type png)
<use ./images/plot3_angola.png>
Package pdftex.def Info: ./images/plot3_angola.png  used on input line 116.
(pdftex.def)             Requested size: 354.12057pt x 354.12057pt.

Overfull \hbox (9.12057pt too wide) in paragraph at lines 116--117
[][] 
 []

[6 <./images/plot3_angola.png (PNG copy)>]
<./images/plot3_zambia.png, id=92, 505.89pt x 505.89pt>
File: ./images/plot3_zambia.png Graphic file (type png)
<use ./images/plot3_zambia.png>
Package pdftex.def Info: ./images/plot3_zambia.png  used on input line 123.
(pdftex.def)             Requested size: 354.12057pt x 354.12057pt.

Overfull \hbox (9.12057pt too wide) in paragraph at lines 123--124
[][] 
 []

<./images/plot3_exch_usd_zambia.png, id=93, 505.1673pt x 505.1673pt>
File: ./images/plot3_exch_usd_zambia.png Graphic file (type png)
<use ./images/plot3_exch_usd_zambia.png>
Package pdftex.def Info: ./images/plot3_exch_usd_zambia.png  used on input line 128.
(pdftex.def)             Requested size: 353.6147pt x 353.6147pt.

Overfull \hbox (8.6147pt too wide) in paragraph at lines 128--129
[][] 
 []


LaTeX Warning: `!h' float specifier changed to `!ht'.

[7 <./images/plot3_zambia.png (PNG copy)>] [8 <./images/plot3_exch_usd_zambia.png (PNG copy)>]
<./images/plot5_general.png, id=104, 505.1673pt x 505.1673pt>
File: ./images/plot5_general.png Graphic file (type png)
<use ./images/plot5_general.png>
Package pdftex.def Info: ./images/plot5_general.png  used on input line 149.
(pdftex.def)             Requested size: 353.6147pt x 353.6147pt.

Overfull \hbox (8.6147pt too wide) in paragraph at lines 149--150
[][] 
 []

[9 <./images/plot5_general.png (PNG copy)>]
<./images/plot5_nigeria.png, id=110, 505.1673pt x 505.1673pt>
File: ./images/plot5_nigeria.png Graphic file (type png)
<use ./images/plot5_nigeria.png>
Package pdftex.def Info: ./images/plot5_nigeria.png  used on input line 154.
(pdftex.def)             Requested size: 353.6147pt x 353.6147pt.

Overfull \hbox (8.6147pt too wide) in paragraph at lines 154--155
[][] 
 []

Package atveryend Info: Empty hook `BeforeClearDocument' on input line 166.
[10 <./images/plot5_nigeria.png (PNG copy)>]
Package atveryend Info: Empty hook `AfterLastShipout' on input line 166.
 (/home/andre/Documents/VSB-TUO/VSB-TUO-MAD1/project/analysis_task/analysis_task.aux)
Package atveryend Info: Executing hook `AtVeryEndDocument' on input line 166.
Package atveryend Info: Executing hook `AtEndAfterFileList' on input line 166.
Package rerunfilecheck Info: File `analysis_task.out' has not changed.
(rerunfilecheck)             Checksum: 68240691BB6E8EDE7EC13DA2A8E08B48;409.
Package atveryend Info: Empty hook `AtVeryVeryEnd' on input line 166.
 ) 
Here is how much of TeX's memory you used:
 5204 strings out of 492167
 78147 string characters out of 6131558
 165056 words of memory out of 5000000
 9508 multiletter control sequences out of 15000+600000
 7895 words of font info for 28 fonts, out of 8000000 for 9000
 1141 hyphenation exceptions out of 8191
 31i,8n,28p,305b,314s stack positions out of 5000i,500n,10000p,200000b,80000s
</usr/share/texmf-dist/fonts/type1/public/amsfonts/cm/cmbx10.pfb></usr/share/texmf-dist/fonts/type1/public/amsfonts/cm/cmbx12.pfb></usr/share/texmf-dist/fonts/type1/public/amsfonts/cm/cmr10.pfb></usr/share/texmf-dist/fonts/type1/public/amsfonts/cm/cmr12.pfb></usr/share/texmf-dist/fonts/type1/public/amsfonts/cm/cmr17.pfb>
Output written on /home/andre/Documents/VSB-TUO/VSB-TUO-MAD1/project/analysis_task/analysis_task.pdf (12 pages, 747416 bytes).
PDF statistics:
 143 PDF objects out of 1000 (max. 8388607)
 111 compressed objects within 2 object streams
 29 named destinations out of 1000 (max. 500000)
 102 words of extra memory for PDF output out of 10000 (max. 10000000)

